<?xml version="1.0" encoding="utf-8" standalone="no"?>
<test-results xmlns:xsi="http://www.w3.org/2001/XMLSchema-instance" xsi:noNamespaceSchemaLocation="nunit_schema_2.5.xsd" name="Pester" total="272" errors="0" failures="1" not-run="0" inconclusive="0" ignored="0" skipped="2" invalid="0" date="2022-02-12" time="19:53:08">
  <environment os-version="10.0.19044" nunit-version="2.5.8.0" platform="Microsoft Windows 10 Pro|C:\WINDOWS|\Device\Harddisk0\Partition2" user-domain="JLA-LoftHTPC" clr-version="Unknown" user="Owner" machine-name="JLA-LOFTHTPC" cwd="E:\Owner\Documents\Google Drive\Programs\Scripts\PowerShell\Adsi\tests" />
  <culture-info current-culture="en-US" current-uiculture="en-US" />
  <test-suite type="TestFixture" name="Pester" executed="True" result="Failure" success="False" time="5.004" asserts="0" description="Pester">
    <results>
      <test-suite type="TestFixture" name="E:\Owner\Documents\Google Drive\Programs\Scripts\PowerShell\Adsi\tests\Help.tests.ps1" executed="True" result="Success" success="True" time="3.6219" asserts="0" description="E:\Owner\Documents\Google Drive\Programs\Scripts\PowerShell\Adsi\tests\Help.tests.ps1">
        <results>
          <test-suite type="TestFixture" name="Test help for Add-DomainFqdnToLdapPath" executed="True" result="Success" success="True" time="0.4762" asserts="0" description="Test help for Add-DomainFqdnToLdapPath">
            <results>
              <test-suite type="TestFixture" name="Test help for Add-DomainFqdnToLdapPath.Parameter DirectoryPath" executed="True" result="Success" success="True" time="0.4342" asserts="0" description="Test help for Add-DomainFqdnToLdapPath.Parameter DirectoryPath">
                <results>
                  <test-case description="Has description" name="Test help for Add-DomainFqdnToLdapPath.Parameter DirectoryPath.Has description" time="0.0202" asserts="0" success="True" result="Success" executed="True" />
                  <test-case description="Has correct [mandatory] value" name="Test help for Add-DomainFqdnToLdapPath.Parameter DirectoryPath.Has correct [mandatory] value" time="0.0446" asserts="0" success="True" result="Success" executed="True" />
                  <test-case description="Has correct parameter type" name="Test help for Add-DomainFqdnToLdapPath.Parameter DirectoryPath.Has correct parameter type" time="0.015" asserts="0" success="True" result="Success" executed="True" />
                </results>
              </test-suite>
              <test-case description="Help is not auto-generated" name="Test help for Add-DomainFqdnToLdapPath.Help is not auto-generated" time="0.1946" asserts="0" success="True" result="Success" executed="True" />
              <test-case description="Has description" name="Test help for Add-DomainFqdnToLdapPath.Has description" time="0.0192" asserts="0" success="True" result="Success" executed="True" />
              <test-case description="Has example code" name="Test help for Add-DomainFqdnToLdapPath.Has example code" time="0.0193" asserts="0" success="True" result="Success" executed="True" />
              <test-case description="Has example help" name="Test help for Add-DomainFqdnToLdapPath.Has example help" time="0.0182" asserts="0" success="True" result="Success" executed="True" />
            </results>
          </test-suite>
          <test-suite type="TestFixture" name="Test help for Add-SidInfo" executed="True" result="Success" success="True" time="0.6606" asserts="0" description="Test help for Add-SidInfo">
            <results>
              <test-suite type="TestFixture" name="Test help for Add-SidInfo.Parameter DirectoryEntryCache" executed="True" result="Success" success="True" time="0.0713" asserts="0" description="Test help for Add-SidInfo.Parameter DirectoryEntryCache">
                <results>
                  <test-case description="Has description" name="Test help for Add-SidInfo.Parameter DirectoryEntryCache.Has description" time="0.0068" asserts="0" success="True" result="Success" executed="True" />
                  <test-case description="Has correct [mandatory] value" name="Test help for Add-SidInfo.Parameter DirectoryEntryCache.Has correct [mandatory] value" time="0.0133" asserts="0" success="True" result="Success" executed="True" />
                  <test-case description="Has correct parameter type" name="Test help for Add-SidInfo.Parameter DirectoryEntryCache.Has correct parameter type" time="0.0079" asserts="0" success="True" result="Success" executed="True" />
                </results>
              </test-suite>
              <test-suite type="TestFixture" name="Test help for Add-SidInfo.Parameter InputObject" executed="True" result="Success" success="True" time="0.1186" asserts="0" description="Test help for Add-SidInfo.Parameter InputObject">
                <results>
                  <test-case description="Has description" name="Test help for Add-SidInfo.Parameter InputObject.Has description" time="0.0145" asserts="0" success="True" result="Success" executed="True" />
                  <test-case description="Has correct [mandatory] value" name="Test help for Add-SidInfo.Parameter InputObject.Has correct [mandatory] value" time="0.0121" asserts="0" success="True" result="Success" executed="True" />
                  <test-case description="Has correct parameter type" name="Test help for Add-SidInfo.Parameter InputObject.Has correct parameter type" time="0.0105" asserts="0" success="True" result="Success" executed="True" />
                </results>
              </test-suite>
              <test-suite type="TestFixture" name="Test help for Add-SidInfo.Parameter TrustedDomainSidNameMap" executed="True" result="Success" success="True" time="0.1738" asserts="0" description="Test help for Add-SidInfo.Parameter TrustedDomainSidNameMap">
                <results>
                  <test-case description="Has description" name="Test help for Add-SidInfo.Parameter TrustedDomainSidNameMap.Has description" time="0.0292" asserts="0" success="True" result="Success" executed="True" />
                  <test-case description="Has correct [mandatory] value" name="Test help for Add-SidInfo.Parameter TrustedDomainSidNameMap.Has correct [mandatory] value" time="0.0088" asserts="0" success="True" result="Success" executed="True" />
                  <test-case description="Has correct parameter type" name="Test help for Add-SidInfo.Parameter TrustedDomainSidNameMap.Has correct parameter type" time="0.0092" asserts="0" success="True" result="Success" executed="True" />
                </results>
              </test-suite>
              <test-case description="Help is not auto-generated" name="Test help for Add-SidInfo.Help is not auto-generated" time="0.0151" asserts="0" success="True" result="Success" executed="True" />
              <test-case description="Has description" name="Test help for Add-SidInfo.Has description" time="0.0063" asserts="0" success="True" result="Success" executed="True" />
              <test-case description="Has example code" name="Test help for Add-SidInfo.Has example code" time="0.0058" asserts="0" success="True" result="Success" executed="True" />
              <test-case description="Has example help" name="Test help for Add-SidInfo.Has example help" time="0.0075" asserts="0" success="True" result="Success" executed="True" />
            </results>
          </test-suite>
          <test-suite type="TestFixture" name="Test help for ConvertTo-DistinguishedName" executed="True" result="Success" success="True" time="0.7256" asserts="0" description="Test help for ConvertTo-DistinguishedName">
            <results>
              <test-suite type="TestFixture" name="Test help for ConvertTo-DistinguishedName.Parameter Domain" executed="True" result="Success" success="True" time="0.0513" asserts="0" description="Test help for ConvertTo-DistinguishedName.Parameter Domain">
                <results>
                  <test-case description="Has description" name="Test help for ConvertTo-DistinguishedName.Parameter Domain.Has description" time="0.013" asserts="0" success="True" result="Success" executed="True" />
                  <test-case description="Has correct [mandatory] value" name="Test help for ConvertTo-DistinguishedName.Parameter Domain.Has correct [mandatory] value" time="0.004" asserts="0" success="True" result="Success" executed="True" />
                  <test-case description="Has correct parameter type" name="Test help for ConvertTo-DistinguishedName.Parameter Domain.Has correct parameter type" time="0.0052" asserts="0" success="True" result="Success" executed="True" />
                </results>
              </test-suite>
              <test-case description="Help is not auto-generated" name="Test help for ConvertTo-DistinguishedName.Help is not auto-generated" time="0.0062" asserts="0" success="True" result="Success" executed="True" />
              <test-case description="Has description" name="Test help for ConvertTo-DistinguishedName.Has description" time="0.0042" asserts="0" success="True" result="Success" executed="True" />
              <test-case description="Has example code" name="Test help for ConvertTo-DistinguishedName.Has example code" time="0.0055" asserts="0" success="True" result="Success" executed="True" />
              <test-case description="Has example help" name="Test help for ConvertTo-DistinguishedName.Has example help" time="0.0062" asserts="0" success="True" result="Success" executed="True" />
            </results>
          </test-suite>
          <test-suite type="TestFixture" name="Test help for ConvertTo-Fqdn" executed="True" result="Success" success="True" time="0.7893" asserts="0" description="Test help for ConvertTo-Fqdn">
            <results>
              <test-suite type="TestFixture" name="Test help for ConvertTo-Fqdn.Parameter DistinguishedName" executed="True" result="Success" success="True" time="0.0517" asserts="0" description="Test help for ConvertTo-Fqdn.Parameter DistinguishedName">
                <results>
                  <test-case description="Has description" name="Test help for ConvertTo-Fqdn.Parameter DistinguishedName.Has description" time="0.0038" asserts="0" success="True" result="Success" executed="True" />
                  <test-case description="Has correct [mandatory] value" name="Test help for ConvertTo-Fqdn.Parameter DistinguishedName.Has correct [mandatory] value" time="0.0119" asserts="0" success="True" result="Success" executed="True" />
                  <test-case description="Has correct parameter type" name="Test help for ConvertTo-Fqdn.Parameter DistinguishedName.Has correct parameter type" time="0.0056" asserts="0" success="True" result="Success" executed="True" />
                </results>
              </test-suite>
              <test-case description="Help is not auto-generated" name="Test help for ConvertTo-Fqdn.Help is not auto-generated" time="0.0093" asserts="0" success="True" result="Success" executed="True" />
              <test-case description="Has description" name="Test help for ConvertTo-Fqdn.Has description" time="0.0071" asserts="0" success="True" result="Success" executed="True" />
              <test-case description="Has example code" name="Test help for ConvertTo-Fqdn.Has example code" time="0.0047" asserts="0" success="True" result="Success" executed="True" />
              <test-case description="Has example help" name="Test help for ConvertTo-Fqdn.Has example help" time="0.0036" asserts="0" success="True" result="Success" executed="True" />
            </results>
          </test-suite>
          <test-suite type="TestFixture" name="Test help for ConvertTo-HexStringRepresentation" executed="True" result="Success" success="True" time="0.8918" asserts="0" description="Test help for ConvertTo-HexStringRepresentation">
            <results>
              <test-suite type="TestFixture" name="Test help for ConvertTo-HexStringRepresentation.Parameter SIDByteArray" executed="True" result="Success" success="True" time="0.0858" asserts="0" description="Test help for ConvertTo-HexStringRepresentation.Parameter SIDByteArray">
                <results>
                  <test-case description="Has description" name="Test help for ConvertTo-HexStringRepresentation.Parameter SIDByteArray.Has description" time="0.0084" asserts="0" success="True" result="Success" executed="True" />
                  <test-case description="Has correct [mandatory] value" name="Test help for ConvertTo-HexStringRepresentation.Parameter SIDByteArray.Has correct [mandatory] value" time="0.0074" asserts="0" success="True" result="Success" executed="True" />
                  <test-case description="Has correct parameter type" name="Test help for ConvertTo-HexStringRepresentation.Parameter SIDByteArray.Has correct parameter type" time="0.0043" asserts="0" success="True" result="Success" executed="True" />
                </results>
              </test-suite>
              <test-case description="Help is not auto-generated" name="Test help for ConvertTo-HexStringRepresentation.Help is not auto-generated" time="0.0176" asserts="0" success="True" result="Success" executed="True" />
              <test-case description="Has description" name="Test help for ConvertTo-HexStringRepresentation.Has description" time="0.0221" asserts="0" success="True" result="Success" executed="True" />
              <test-case description="Has example code" name="Test help for ConvertTo-HexStringRepresentation.Has example code" time="0.0097" asserts="0" success="True" result="Success" executed="True" />
              <test-case description="Has example help" name="Test help for ConvertTo-HexStringRepresentation.Has example help" time="0.0081" asserts="0" success="True" result="Success" executed="True" />
            </results>
          </test-suite>
          <test-suite type="TestFixture" name="Test help for ConvertTo-HexStringRepresentationForLDAPFilterString" executed="True" result="Success" success="True" time="0.9617" asserts="0" description="Test help for ConvertTo-HexStringRepresentationForLDAPFilterString">
            <results>
              <test-suite type="TestFixture" name="Test help for ConvertTo-HexStringRepresentationForLDAPFilterString.Parameter SIDByteArray" executed="True" result="Success" success="True" time="0.0501" asserts="0" description="Test help for ConvertTo-HexStringRepresentationForLDAPFilterString.Parameter SIDByteArray">
                <results>
                  <test-case description="Has description" name="Test help for ConvertTo-HexStringRepresentationForLDAPFilterString.Parameter SIDByteArray.Has description" time="0.0052" asserts="0" success="True" result="Success" executed="True" />
                  <test-case description="Has correct [mandatory] value" name="Test help for ConvertTo-HexStringRepresentationForLDAPFilterString.Parameter SIDByteArray.Has correct [mandatory] value" time="0.0035" asserts="0" success="True" result="Success" executed="True" />
                  <test-case description="Has correct parameter type" name="Test help for ConvertTo-HexStringRepresentationForLDAPFilterString.Parameter SIDByteArray.Has correct parameter type" time="0.0042" asserts="0" success="True" result="Success" executed="True" />
                </results>
              </test-suite>
              <test-case description="Help is not auto-generated" name="Test help for ConvertTo-HexStringRepresentationForLDAPFilterString.Help is not auto-generated" time="0.0078" asserts="0" success="True" result="Success" executed="True" />
              <test-case description="Has description" name="Test help for ConvertTo-HexStringRepresentationForLDAPFilterString.Has description" time="0.012" asserts="0" success="True" result="Success" executed="True" />
              <test-case description="Has example code" name="Test help for ConvertTo-HexStringRepresentationForLDAPFilterString.Has example code" time="0.0054" asserts="0" success="True" result="Success" executed="True" />
              <test-case description="Has example help" name="Test help for ConvertTo-HexStringRepresentationForLDAPFilterString.Has example help" time="0.0045" asserts="0" success="True" result="Success" executed="True" />
            </results>
          </test-suite>
          <test-suite type="TestFixture" name="Test help for ConvertTo-SidByteArray" executed="True" result="Success" success="True" time="1.0134" asserts="0" description="Test help for ConvertTo-SidByteArray">
            <results>
              <test-suite type="TestFixture" name="Test help for ConvertTo-SidByteArray.Parameter SidString" executed="True" result="Success" success="True" time="0.0392" asserts="0" description="Test help for ConvertTo-SidByteArray.Parameter SidString">
                <results>
                  <test-case description="Has description" name="Test help for ConvertTo-SidByteArray.Parameter SidString.Has description" time="0.0054" asserts="0" success="True" result="Success" executed="True" />
                  <test-case description="Has correct [mandatory] value" name="Test help for ConvertTo-SidByteArray.Parameter SidString.Has correct [mandatory] value" time="0.0084" asserts="0" success="True" result="Success" executed="True" />
                  <test-case description="Has correct parameter type" name="Test help for ConvertTo-SidByteArray.Parameter SidString.Has correct parameter type" time="0.0042" asserts="0" success="True" result="Success" executed="True" />
                </results>
              </test-suite>
              <test-case description="Help is not auto-generated" name="Test help for ConvertTo-SidByteArray.Help is not auto-generated" time="0.0051" asserts="0" success="True" result="Success" executed="True" />
              <test-case description="Has description" name="Test help for ConvertTo-SidByteArray.Has description" time="0.0034" asserts="0" success="True" result="Success" executed="True" />
              <test-case description="Has example code" name="Test help for ConvertTo-SidByteArray.Has example code" time="0.0041" asserts="0" success="True" result="Success" executed="True" />
              <test-case description="Has example help" name="Test help for ConvertTo-SidByteArray.Has example help" time="0.0039" asserts="0" success="True" result="Success" executed="True" />
            </results>
          </test-suite>
          <test-suite type="TestFixture" name="Test help for Expand-AdsiGroupMember" executed="True" result="Success" success="True" time="1.1794" asserts="0" description="Test help for Expand-AdsiGroupMember">
            <results>
              <test-suite type="TestFixture" name="Test help for Expand-AdsiGroupMember.Parameter DirectoryEntry" executed="True" result="Success" success="True" time="0.0381" asserts="0" description="Test help for Expand-AdsiGroupMember.Parameter DirectoryEntry">
                <results>
                  <test-case description="Has description" name="Test help for Expand-AdsiGroupMember.Parameter DirectoryEntry.Has description" time="0.0045" asserts="0" success="True" result="Success" executed="True" />
                  <test-case description="Has correct [mandatory] value" name="Test help for Expand-AdsiGroupMember.Parameter DirectoryEntry.Has correct [mandatory] value" time="0.0038" asserts="0" success="True" result="Success" executed="True" />
                  <test-case description="Has correct parameter type" name="Test help for Expand-AdsiGroupMember.Parameter DirectoryEntry.Has correct parameter type" time="0.0037" asserts="0" success="True" result="Success" executed="True" />
                </results>
              </test-suite>
              <test-suite type="TestFixture" name="Test help for Expand-AdsiGroupMember.Parameter DirectoryEntryCache" executed="True" result="Success" success="True" time="0.094" asserts="0" description="Test help for Expand-AdsiGroupMember.Parameter DirectoryEntryCache">
                <results>
                  <test-case description="Has description" name="Test help for Expand-AdsiGroupMember.Parameter DirectoryEntryCache.Has description" time="0.0333" asserts="0" success="True" result="Success" executed="True" />
                  <test-case description="Has correct [mandatory] value" name="Test help for Expand-AdsiGroupMember.Parameter DirectoryEntryCache.Has correct [mandatory] value" time="0.0057" asserts="0" success="True" result="Success" executed="True" />
                  <test-case description="Has correct parameter type" name="Test help for Expand-AdsiGroupMember.Parameter DirectoryEntryCache.Has correct parameter type" time="0.0042" asserts="0" success="True" result="Success" executed="True" />
                </results>
              </test-suite>
              <test-suite type="TestFixture" name="Test help for Expand-AdsiGroupMember.Parameter PropertiesToLoad" executed="True" result="Success" success="True" time="0.1248" asserts="0" description="Test help for Expand-AdsiGroupMember.Parameter PropertiesToLoad">
                <results>
                  <test-case description="Has description" name="Test help for Expand-AdsiGroupMember.Parameter PropertiesToLoad.Has description" time="0.0087" asserts="0" success="True" result="Success" executed="True" />
                  <test-case description="Has correct [mandatory] value" name="Test help for Expand-AdsiGroupMember.Parameter PropertiesToLoad.Has correct [mandatory] value" time="0.0106" asserts="0" success="True" result="Success" executed="True" />
                  <test-case description="Has correct parameter type" name="Test help for Expand-AdsiGroupMember.Parameter PropertiesToLoad.Has correct parameter type" time="0.0043" asserts="0" success="True" result="Success" executed="True" />
                </results>
              </test-suite>
              <test-suite type="TestFixture" name="Test help for Expand-AdsiGroupMember.Parameter TrustedDomainSidNameMap" executed="True" result="Success" success="True" time="0.1535" asserts="0" description="Test help for Expand-AdsiGroupMember.Parameter TrustedDomainSidNameMap">
                <results>
                  <test-case description="Has description" name="Test help for Expand-AdsiGroupMember.Parameter TrustedDomainSidNameMap.Has description" time="0.0074" asserts="0" success="True" result="Success" executed="True" />
                  <test-case description="Has correct [mandatory] value" name="Test help for Expand-AdsiGroupMember.Parameter TrustedDomainSidNameMap.Has correct [mandatory] value" time="0.0104" asserts="0" success="True" result="Success" executed="True" />
                  <test-case description="Has correct parameter type" name="Test help for Expand-AdsiGroupMember.Parameter TrustedDomainSidNameMap.Has correct parameter type" time="0.0068" asserts="0" success="True" result="Success" executed="True" />
                </results>
              </test-suite>
              <test-case description="Help is not auto-generated" name="Test help for Expand-AdsiGroupMember.Help is not auto-generated" time="0.0043" asserts="0" success="True" result="Success" executed="True" />
              <test-case description="Has description" name="Test help for Expand-AdsiGroupMember.Has description" time="0.003" asserts="0" success="True" result="Success" executed="True" />
              <test-case description="Has example code" name="Test help for Expand-AdsiGroupMember.Has example code" time="0.0077" asserts="0" success="True" result="Success" executed="True" />
              <test-case description="Has example help" name="Test help for Expand-AdsiGroupMember.Has example help" time="0.0036" asserts="0" success="True" result="Success" executed="True" />
            </results>
          </test-suite>
          <test-suite type="TestFixture" name="Test help for Expand-IdentityReference" executed="True" result="Success" success="True" time="1.3463" asserts="0" description="Test help for Expand-IdentityReference">
            <results>
              <test-suite type="TestFixture" name="Test help for Expand-IdentityReference.Parameter AccessControlEntry" executed="True" result="Success" success="True" time="0.0461" asserts="0" description="Test help for Expand-IdentityReference.Parameter AccessControlEntry">
                <results>
                  <test-case description="Has description" name="Test help for Expand-IdentityReference.Parameter AccessControlEntry.Has description" time="0.0061" asserts="0" success="True" result="Success" executed="True" />
                  <test-case description="Has correct [mandatory] value" name="Test help for Expand-IdentityReference.Parameter AccessControlEntry.Has correct [mandatory] value" time="0.0042" asserts="0" success="True" result="Success" executed="True" />
                  <test-case description="Has correct parameter type" name="Test help for Expand-IdentityReference.Parameter AccessControlEntry.Has correct parameter type" time="0.0035" asserts="0" success="True" result="Success" executed="True" />
                </results>
              </test-suite>
              <test-suite type="TestFixture" name="Test help for Expand-IdentityReference.Parameter DirectoryEntryCache" executed="True" result="Success" success="True" time="0.0728" asserts="0" description="Test help for Expand-IdentityReference.Parameter DirectoryEntryCache">
                <results>
                  <test-case description="Has description" name="Test help for Expand-IdentityReference.Parameter DirectoryEntryCache.Has description" time="0.0089" asserts="0" success="True" result="Success" executed="True" />
                  <test-case description="Has correct [mandatory] value" name="Test help for Expand-IdentityReference.Parameter DirectoryEntryCache.Has correct [mandatory] value" time="0.004" asserts="0" success="True" result="Success" executed="True" />
                  <test-case description="Has correct parameter type" name="Test help for Expand-IdentityReference.Parameter DirectoryEntryCache.Has correct parameter type" time="0.0062" asserts="0" success="True" result="Success" executed="True" />
                </results>
              </test-suite>
              <test-suite type="TestFixture" name="Test help for Expand-IdentityReference.Parameter GroupMember" executed="True" result="Success" success="True" time="0.1028" asserts="0" description="Test help for Expand-IdentityReference.Parameter GroupMember">
                <results>
                  <test-case description="Has description" name="Test help for Expand-IdentityReference.Parameter GroupMember.Has description" time="0.0078" asserts="0" success="True" result="Success" executed="True" />
                  <test-case description="Has correct [mandatory] value" name="Test help for Expand-IdentityReference.Parameter GroupMember.Has correct [mandatory] value" time="0.0044" asserts="0" success="True" result="Success" executed="True" />
                  <test-case description="Has correct parameter type" name="Test help for Expand-IdentityReference.Parameter GroupMember.Has correct parameter type" time="0.0044" asserts="0" success="True" result="Success" executed="True" />
                </results>
              </test-suite>
              <test-suite type="TestFixture" name="Test help for Expand-IdentityReference.Parameter GroupMemberRecursion" executed="True" result="Success" success="True" time="0.1266" asserts="0" description="Test help for Expand-IdentityReference.Parameter GroupMemberRecursion">
                <results>
                  <test-case description="Has description" name="Test help for Expand-IdentityReference.Parameter GroupMemberRecursion.Has description" time="0.0044" asserts="0" success="True" result="Success" executed="True" />
                  <test-case description="Has correct [mandatory] value" name="Test help for Expand-IdentityReference.Parameter GroupMemberRecursion.Has correct [mandatory] value" time="0.0079" asserts="0" success="True" result="Success" executed="True" />
                  <test-case description="Has correct parameter type" name="Test help for Expand-IdentityReference.Parameter GroupMemberRecursion.Has correct parameter type" time="0.006" asserts="0" success="True" result="Success" executed="True" />
                </results>
              </test-suite>
              <test-suite type="TestFixture" name="Test help for Expand-IdentityReference.Parameter IdentityReferenceCache" executed="True" result="Success" success="True" time="0.1549" asserts="0" description="Test help for Expand-IdentityReference.Parameter IdentityReferenceCache">
                <results>
                  <test-case description="Has description" name="Test help for Expand-IdentityReference.Parameter IdentityReferenceCache.Has description" time="0.0112" asserts="0" success="True" result="Success" executed="True" />
                  <test-case description="Has correct [mandatory] value" name="Test help for Expand-IdentityReference.Parameter IdentityReferenceCache.Has correct [mandatory] value" time="0.0051" asserts="0" success="True" result="Success" executed="True" />
                  <test-case description="Has correct parameter type" name="Test help for Expand-IdentityReference.Parameter IdentityReferenceCache.Has correct parameter type" time="0.0048" asserts="0" success="True" result="Success" executed="True" />
                </results>
              </test-suite>
              <test-case description="Help is not auto-generated" name="Test help for Expand-IdentityReference.Help is not auto-generated" time="0.0061" asserts="0" success="True" result="Success" executed="True" />
              <test-case description="Has description" name="Test help for Expand-IdentityReference.Has description" time="0.003" asserts="0" success="True" result="Success" executed="True" />
              <test-case description="Has example code" name="Test help for Expand-IdentityReference.Has example code" time="0.013" asserts="0" success="True" result="Success" executed="True" />
              <test-case description="Has example help" name="Test help for Expand-IdentityReference.Has example help" time="0.0039" asserts="0" success="True" result="Success" executed="True" />
            </results>
          </test-suite>
          <test-suite type="TestFixture" name="Test help for Expand-WinNTGroupMember" executed="True" result="Success" success="True" time="1.4148" asserts="0" description="Test help for Expand-WinNTGroupMember">
            <results>
              <test-suite type="TestFixture" name="Test help for Expand-WinNTGroupMember.Parameter DirectoryEntry" executed="True" result="Success" success="True" time="0.0356" asserts="0" description="Test help for Expand-WinNTGroupMember.Parameter DirectoryEntry">
                <results>
                  <test-case description="Has description" name="Test help for Expand-WinNTGroupMember.Parameter DirectoryEntry.Has description" time="0.0044" asserts="0" success="True" result="Success" executed="True" />
                  <test-case description="Has correct [mandatory] value" name="Test help for Expand-WinNTGroupMember.Parameter DirectoryEntry.Has correct [mandatory] value" time="0.0031" asserts="0" success="True" result="Success" executed="True" />
                  <test-case description="Has correct parameter type" name="Test help for Expand-WinNTGroupMember.Parameter DirectoryEntry.Has correct parameter type" time="0.0049" asserts="0" success="True" result="Success" executed="True" />
                </results>
              </test-suite>
              <test-suite type="TestFixture" name="Test help for Expand-WinNTGroupMember.Parameter DirectoryEntryCache" executed="True" result="Success" success="True" time="0.0575" asserts="0" description="Test help for Expand-WinNTGroupMember.Parameter DirectoryEntryCache">
                <results>
                  <test-case description="Has description" name="Test help for Expand-WinNTGroupMember.Parameter DirectoryEntryCache.Has description" time="0.0043" asserts="0" success="True" result="Success" executed="True" />
                  <test-case description="Has correct [mandatory] value" name="Test help for Expand-WinNTGroupMember.Parameter DirectoryEntryCache.Has correct [mandatory] value" time="0.0091" asserts="0" success="True" result="Success" executed="True" />
                  <test-case description="Has correct parameter type" name="Test help for Expand-WinNTGroupMember.Parameter DirectoryEntryCache.Has correct parameter type" time="0.0045" asserts="0" success="True" result="Success" executed="True" />
                </results>
              </test-suite>
              <test-case description="Help is not auto-generated" name="Test help for Expand-WinNTGroupMember.Help is not auto-generated" time="0.0044" asserts="0" success="True" result="Success" executed="True" />
              <test-case description="Has description" name="Test help for Expand-WinNTGroupMember.Has description" time="0.0031" asserts="0" success="True" result="Success" executed="True" />
              <test-case description="Has example code" name="Test help for Expand-WinNTGroupMember.Has example code" time="0.0062" asserts="0" success="True" result="Success" executed="True" />
              <test-case description="Has example help" name="Test help for Expand-WinNTGroupMember.Has example help" time="0.0044" asserts="0" success="True" result="Success" executed="True" />
            </results>
          </test-suite>
          <test-suite type="TestFixture" name="Test help for Find-AdsiProvider" executed="True" result="Success" success="True" time="1.5074" asserts="0" description="Test help for Find-AdsiProvider">
            <results>
              <test-suite type="TestFixture" name="Test help for Find-AdsiProvider.Parameter AdsiServer" executed="True" result="Success" success="True" time="0.0517" asserts="0" description="Test help for Find-AdsiProvider.Parameter AdsiServer">
                <results>
                  <test-case description="Has description" name="Test help for Find-AdsiProvider.Parameter AdsiServer.Has description" time="0.0121" asserts="0" success="True" result="Success" executed="True" />
                  <test-case description="Has correct [mandatory] value" name="Test help for Find-AdsiProvider.Parameter AdsiServer.Has correct [mandatory] value" time="0.0052" asserts="0" success="True" result="Success" executed="True" />
                  <test-case description="Has correct parameter type" name="Test help for Find-AdsiProvider.Parameter AdsiServer.Has correct parameter type" time="0.0059" asserts="0" success="True" result="Success" executed="True" />
                </results>
              </test-suite>
              <test-suite type="TestFixture" name="Test help for Find-AdsiProvider.Parameter KnownServers" executed="True" result="Success" success="True" time="0.0764" asserts="0" description="Test help for Find-AdsiProvider.Parameter KnownServers">
                <results>
                  <test-case description="Has description" name="Test help for Find-AdsiProvider.Parameter KnownServers.Has description" time="0.0051" asserts="0" success="True" result="Success" executed="True" />
                  <test-case description="Has correct [mandatory] value" name="Test help for Find-AdsiProvider.Parameter KnownServers.Has correct [mandatory] value" time="0.0066" asserts="0" success="True" result="Success" executed="True" />
                  <test-case description="Has correct parameter type" name="Test help for Find-AdsiProvider.Parameter KnownServers.Has correct parameter type" time="0.0077" asserts="0" success="True" result="Success" executed="True" />
                </results>
              </test-suite>
              <test-case description="Help is not auto-generated" name="Test help for Find-AdsiProvider.Help is not auto-generated" time="0.0056" asserts="0" success="True" result="Success" executed="True" />
              <test-case description="Has description" name="Test help for Find-AdsiProvider.Has description" time="0.0031" asserts="0" success="True" result="Success" executed="True" />
              <test-case description="Has example code" name="Test help for Find-AdsiProvider.Has example code" time="0.0094" asserts="0" success="True" result="Success" executed="True" />
              <test-case description="Has example help" name="Test help for Find-AdsiProvider.Has example help" time="0.004" asserts="0" success="True" result="Success" executed="True" />
            </results>
          </test-suite>
          <test-suite type="TestFixture" name="Test help for Get-ADSIGroup" executed="True" result="Success" success="True" time="1.6153" asserts="0" description="Test help for Get-ADSIGroup">
            <results>
              <test-suite type="TestFixture" name="Test help for Get-ADSIGroup.Parameter DirectoryEntryCache" executed="True" result="Success" success="True" time="0.0412" asserts="0" description="Test help for Get-ADSIGroup.Parameter DirectoryEntryCache">
                <results>
                  <test-case description="Has description" name="Test help for Get-ADSIGroup.Parameter DirectoryEntryCache.Has description" time="0.0042" asserts="0" success="True" result="Success" executed="True" />
                  <test-case description="Has correct [mandatory] value" name="Test help for Get-ADSIGroup.Parameter DirectoryEntryCache.Has correct [mandatory] value" time="0.0052" asserts="0" success="True" result="Success" executed="True" />
                  <test-case description="Has correct parameter type" name="Test help for Get-ADSIGroup.Parameter DirectoryEntryCache.Has correct parameter type" time="0.0038" asserts="0" success="True" result="Success" executed="True" />
                </results>
              </test-suite>
              <test-suite type="TestFixture" name="Test help for Get-ADSIGroup.Parameter DirectoryPath" executed="True" result="Success" success="True" time="0.0566" asserts="0" description="Test help for Get-ADSIGroup.Parameter DirectoryPath">
                <results>
                  <test-case description="Has description" name="Test help for Get-ADSIGroup.Parameter DirectoryPath.Has description" time="0.0035" asserts="0" success="True" result="Success" executed="True" />
                  <test-case description="Has correct [mandatory] value" name="Test help for Get-ADSIGroup.Parameter DirectoryPath.Has correct [mandatory] value" time="0.0053" asserts="0" success="True" result="Success" executed="True" />
                  <test-case description="Has correct parameter type" name="Test help for Get-ADSIGroup.Parameter DirectoryPath.Has correct parameter type" time="0.0035" asserts="0" success="True" result="Success" executed="True" />
                </results>
              </test-suite>
              <test-suite type="TestFixture" name="Test help for Get-ADSIGroup.Parameter GroupName" executed="True" result="Success" success="True" time="0.0753" asserts="0" description="Test help for Get-ADSIGroup.Parameter GroupName">
                <results>
                  <test-case description="Has description" name="Test help for Get-ADSIGroup.Parameter GroupName.Has description" time="0.0042" asserts="0" success="True" result="Success" executed="True" />
                  <test-case description="Has correct [mandatory] value" name="Test help for Get-ADSIGroup.Parameter GroupName.Has correct [mandatory] value" time="0.0041" asserts="0" success="True" result="Success" executed="True" />
                  <test-case description="Has correct parameter type" name="Test help for Get-ADSIGroup.Parameter GroupName.Has correct parameter type" time="0.0042" asserts="0" success="True" result="Success" executed="True" />
                </results>
              </test-suite>
              <test-suite type="TestFixture" name="Test help for Get-ADSIGroup.Parameter PropertiesToLoad" executed="True" result="Success" success="True" time="0.0929" asserts="0" description="Test help for Get-ADSIGroup.Parameter PropertiesToLoad">
                <results>
                  <test-case description="Has description" name="Test help for Get-ADSIGroup.Parameter PropertiesToLoad.Has description" time="0.0036" asserts="0" success="True" result="Success" executed="True" />
                  <test-case description="Has correct [mandatory] value" name="Test help for Get-ADSIGroup.Parameter PropertiesToLoad.Has correct [mandatory] value" time="0.0042" asserts="0" success="True" result="Success" executed="True" />
                  <test-case description="Has correct parameter type" name="Test help for Get-ADSIGroup.Parameter PropertiesToLoad.Has correct parameter type" time="0.0064" asserts="0" success="True" result="Success" executed="True" />
                </results>
              </test-suite>
              <test-case description="Help is not auto-generated" name="Test help for Get-ADSIGroup.Help is not auto-generated" time="0.0065" asserts="0" success="True" result="Success" executed="True" />
              <test-case description="Has description" name="Test help for Get-ADSIGroup.Has description" time="0.003" asserts="0" success="True" result="Success" executed="True" />
              <test-case description="Has example code" name="Test help for Get-ADSIGroup.Has example code" time="0.0101" asserts="0" success="True" result="Success" executed="True" />
              <test-case description="Has example help" name="Test help for Get-ADSIGroup.Has example help" time="0.0038" asserts="0" success="True" result="Success" executed="True" />
            </results>
          </test-suite>
          <test-suite type="TestFixture" name="Test help for Get-ADSIGroupMember" executed="True" result="Success" success="True" time="1.6987" asserts="0" description="Test help for Get-ADSIGroupMember">
            <results>
              <test-suite type="TestFixture" name="Test help for Get-ADSIGroupMember.Parameter DirectoryEntryCache" executed="True" result="Success" success="True" time="0.0363" asserts="0" description="Test help for Get-ADSIGroupMember.Parameter DirectoryEntryCache">
                <results>
                  <test-case description="Has description" name="Test help for Get-ADSIGroupMember.Parameter DirectoryEntryCache.Has description" time="0.0042" asserts="0" success="True" result="Success" executed="True" />
                  <test-case description="Has correct [mandatory] value" name="Test help for Get-ADSIGroupMember.Parameter DirectoryEntryCache.Has correct [mandatory] value" time="0.0044" asserts="0" success="True" result="Success" executed="True" />
                  <test-case description="Has correct parameter type" name="Test help for Get-ADSIGroupMember.Parameter DirectoryEntryCache.Has correct parameter type" time="0.004" asserts="0" success="True" result="Success" executed="True" />
                </results>
              </test-suite>
              <test-suite type="TestFixture" name="Test help for Get-ADSIGroupMember.Parameter Group" executed="True" result="Success" success="True" time="0.0579" asserts="0" description="Test help for Get-ADSIGroupMember.Parameter Group">
                <results>
                  <test-case description="Has description" name="Test help for Get-ADSIGroupMember.Parameter Group.Has description" time="0.0048" asserts="0" success="True" result="Success" executed="True" />
                  <test-case description="Has correct [mandatory] value" name="Test help for Get-ADSIGroupMember.Parameter Group.Has correct [mandatory] value" time="0.0096" asserts="0" success="True" result="Success" executed="True" />
                  <test-case description="Has correct parameter type" name="Test help for Get-ADSIGroupMember.Parameter Group.Has correct parameter type" time="0.0041" asserts="0" success="True" result="Success" executed="True" />
                </results>
              </test-suite>
              <test-suite type="TestFixture" name="Test help for Get-ADSIGroupMember.Parameter PropertiesToLoad" executed="True" result="Success" success="True" time="0.0735" asserts="0" description="Test help for Get-ADSIGroupMember.Parameter PropertiesToLoad">
                <results>
                  <test-case description="Has description" name="Test help for Get-ADSIGroupMember.Parameter PropertiesToLoad.Has description" time="0.0054" asserts="0" success="True" result="Success" executed="True" />
                  <test-case description="Has correct [mandatory] value" name="Test help for Get-ADSIGroupMember.Parameter PropertiesToLoad.Has correct [mandatory] value" time="0.0036" asserts="0" success="True" result="Success" executed="True" />
                  <test-case description="Has correct parameter type" name="Test help for Get-ADSIGroupMember.Parameter PropertiesToLoad.Has correct parameter type" time="0.0036" asserts="0" success="True" result="Success" executed="True" />
                </results>
              </test-suite>
              <test-case description="Help is not auto-generated" name="Test help for Get-ADSIGroupMember.Help is not auto-generated" time="0.0056" asserts="0" success="True" result="Success" executed="True" />
              <test-case description="Has description" name="Test help for Get-ADSIGroupMember.Has description" time="0.0032" asserts="0" success="True" result="Success" executed="True" />
              <test-case description="Has example code" name="Test help for Get-ADSIGroupMember.Has example code" time="0.0038" asserts="0" success="True" result="Success" executed="True" />
              <test-case description="Has example help" name="Test help for Get-ADSIGroupMember.Has example help" time="0.0071" asserts="0" success="True" result="Success" executed="True" />
            </results>
          </test-suite>
          <test-suite type="TestFixture" name="Test help for Get-CurrentDomain" executed="True" result="Success" success="True" time="1.7306" asserts="0" description="Test help for Get-CurrentDomain">
            <results>
              <test-case description="Help is not auto-generated" name="Test help for Get-CurrentDomain.Help is not auto-generated" time="0.0051" asserts="0" success="True" result="Success" executed="True" />
              <test-case description="Has description" name="Test help for Get-CurrentDomain.Has description" time="0.004" asserts="0" success="True" result="Success" executed="True" />
              <test-case description="Has example code" name="Test help for Get-CurrentDomain.Has example code" time="0.0046" asserts="0" success="True" result="Success" executed="True" />
              <test-case description="Has example help" name="Test help for Get-CurrentDomain.Has example help" time="0.0041" asserts="0" success="True" result="Success" executed="True" />
            </results>
          </test-suite>
          <test-suite type="TestFixture" name="Test help for Get-DirectoryEntry" executed="True" result="Success" success="True" time="1.8465" asserts="0" description="Test help for Get-DirectoryEntry">
            <results>
              <test-suite type="TestFixture" name="Test help for Get-DirectoryEntry.Parameter Credential" executed="True" result="Success" success="True" time="0.0418" asserts="0" description="Test help for Get-DirectoryEntry.Parameter Credential">
                <results>
                  <test-case description="Has description" name="Test help for Get-DirectoryEntry.Parameter Credential.Has description" time="0.0059" asserts="0" success="True" result="Success" executed="True" />
                  <test-case description="Has correct [mandatory] value" name="Test help for Get-DirectoryEntry.Parameter Credential.Has correct [mandatory] value" time="0.0036" asserts="0" success="True" result="Success" executed="True" />
                  <test-case description="Has correct parameter type" name="Test help for Get-DirectoryEntry.Parameter Credential.Has correct parameter type" time="0.0038" asserts="0" success="True" result="Success" executed="True" />
                </results>
              </test-suite>
              <test-suite type="TestFixture" name="Test help for Get-DirectoryEntry.Parameter DirectoryEntryCache" executed="True" result="Success" success="True" time="0.0576" asserts="0" description="Test help for Get-DirectoryEntry.Parameter DirectoryEntryCache">
                <results>
                  <test-case description="Has description" name="Test help for Get-DirectoryEntry.Parameter DirectoryEntryCache.Has description" time="0.0048" asserts="0" success="True" result="Success" executed="True" />
                  <test-case description="Has correct [mandatory] value" name="Test help for Get-DirectoryEntry.Parameter DirectoryEntryCache.Has correct [mandatory] value" time="0.0035" asserts="0" success="True" result="Success" executed="True" />
                  <test-case description="Has correct parameter type" name="Test help for Get-DirectoryEntry.Parameter DirectoryEntryCache.Has correct parameter type" time="0.0037" asserts="0" success="True" result="Success" executed="True" />
                </results>
              </test-suite>
              <test-suite type="TestFixture" name="Test help for Get-DirectoryEntry.Parameter DirectoryPath" executed="True" result="Success" success="True" time="0.0756" asserts="0" description="Test help for Get-DirectoryEntry.Parameter DirectoryPath">
                <results>
                  <test-case description="Has description" name="Test help for Get-DirectoryEntry.Parameter DirectoryPath.Has description" time="0.0048" asserts="0" success="True" result="Success" executed="True" />
                  <test-case description="Has correct [mandatory] value" name="Test help for Get-DirectoryEntry.Parameter DirectoryPath.Has correct [mandatory] value" time="0.0045" asserts="0" success="True" result="Success" executed="True" />
                  <test-case description="Has correct parameter type" name="Test help for Get-DirectoryEntry.Parameter DirectoryPath.Has correct parameter type" time="0.0047" asserts="0" success="True" result="Success" executed="True" />
                </results>
              </test-suite>
              <test-suite type="TestFixture" name="Test help for Get-DirectoryEntry.Parameter PropertiesToLoad" executed="True" result="Success" success="True" time="0.0979" asserts="0" description="Test help for Get-DirectoryEntry.Parameter PropertiesToLoad">
                <results>
                  <test-case description="Has description" name="Test help for Get-DirectoryEntry.Parameter PropertiesToLoad.Has description" time="0.0085" asserts="0" success="True" result="Success" executed="True" />
                  <test-case description="Has correct [mandatory] value" name="Test help for Get-DirectoryEntry.Parameter PropertiesToLoad.Has correct [mandatory] value" time="0.005" asserts="0" success="True" result="Success" executed="True" />
                  <test-case description="Has correct parameter type" name="Test help for Get-DirectoryEntry.Parameter PropertiesToLoad.Has correct parameter type" time="0.0047" asserts="0" success="True" result="Success" executed="True" />
                </results>
              </test-suite>
              <test-case description="Help is not auto-generated" name="Test help for Get-DirectoryEntry.Help is not auto-generated" time="0.0053" asserts="0" success="True" result="Success" executed="True" />
              <test-case description="Has description" name="Test help for Get-DirectoryEntry.Has description" time="0.0045" asserts="0" success="True" result="Success" executed="True" />
              <test-case description="Has example code" name="Test help for Get-DirectoryEntry.Has example code" time="0.0044" asserts="0" success="True" result="Success" executed="True" />
              <test-case description="Has example help" name="Test help for Get-DirectoryEntry.Has example help" time="0.0038" asserts="0" success="True" result="Success" executed="True" />
            </results>
          </test-suite>
          <test-suite type="TestFixture" name="Test help for Get-TrustedDomainSidNameMap" executed="True" result="Success" success="True" time="1.9146" asserts="0" description="Test help for Get-TrustedDomainSidNameMap">
            <results>
              <test-suite type="TestFixture" name="Test help for Get-TrustedDomainSidNameMap.Parameter DirectoryEntryCache" executed="True" result="Success" success="True" time="0.0391" asserts="0" description="Test help for Get-TrustedDomainSidNameMap.Parameter DirectoryEntryCache">
                <results>
                  <test-case description="Has description" name="Test help for Get-TrustedDomainSidNameMap.Parameter DirectoryEntryCache.Has description" time="0.0042" asserts="0" success="True" result="Success" executed="True" />
                  <test-case description="Has correct [mandatory] value" name="Test help for Get-TrustedDomainSidNameMap.Parameter DirectoryEntryCache.Has correct [mandatory] value" time="0.0034" asserts="0" success="True" result="Success" executed="True" />
                  <test-case description="Has correct parameter type" name="Test help for Get-TrustedDomainSidNameMap.Parameter DirectoryEntryCache.Has correct parameter type" time="0.006" asserts="0" success="True" result="Success" executed="True" />
                </results>
              </test-suite>
              <test-suite type="TestFixture" name="Test help for Get-TrustedDomainSidNameMap.Parameter KeyByNetbios" executed="True" result="Success" success="True" time="0.0587" asserts="0" description="Test help for Get-TrustedDomainSidNameMap.Parameter KeyByNetbios">
                <results>
                  <test-case description="Has description" name="Test help for Get-TrustedDomainSidNameMap.Parameter KeyByNetbios.Has description" time="0.007" asserts="0" success="True" result="Success" executed="True" />
                  <test-case description="Has correct [mandatory] value" name="Test help for Get-TrustedDomainSidNameMap.Parameter KeyByNetbios.Has correct [mandatory] value" time="0.0051" asserts="0" success="True" result="Success" executed="True" />
                  <test-case description="Has correct parameter type" name="Test help for Get-TrustedDomainSidNameMap.Parameter KeyByNetbios.Has correct parameter type" time="0.0042" asserts="0" success="True" result="Success" executed="True" />
                </results>
              </test-suite>
              <test-case description="Help is not auto-generated" name="Test help for Get-TrustedDomainSidNameMap.Help is not auto-generated" time="0.0052" asserts="0" success="True" result="Success" executed="True" />
              <test-case description="Has description" name="Test help for Get-TrustedDomainSidNameMap.Has description" time="0.0037" asserts="0" success="True" result="Success" executed="True" />
              <test-case description="Has example code" name="Test help for Get-TrustedDomainSidNameMap.Has example code" time="0.005" asserts="0" success="True" result="Success" executed="True" />
              <test-case description="Has example help" name="Test help for Get-TrustedDomainSidNameMap.Has example help" time="0.004" asserts="0" success="True" result="Success" executed="True" />
            </results>
          </test-suite>
          <test-suite type="TestFixture" name="Test help for Get-WinNTGroupMember" executed="True" result="Success" success="True" time="2.0071" asserts="0" description="Test help for Get-WinNTGroupMember">
            <results>
              <test-suite type="TestFixture" name="Test help for Get-WinNTGroupMember.Parameter DirectoryEntry" executed="True" result="Success" success="True" time="0.0542" asserts="0" description="Test help for Get-WinNTGroupMember.Parameter DirectoryEntry">
                <results>
                  <test-case description="Has description" name="Test help for Get-WinNTGroupMember.Parameter DirectoryEntry.Has description" time="0.0085" asserts="0" success="True" result="Success" executed="True" />
                  <test-case description="Has correct [mandatory] value" name="Test help for Get-WinNTGroupMember.Parameter DirectoryEntry.Has correct [mandatory] value" time="0.0051" asserts="0" success="True" result="Success" executed="True" />
                  <test-case description="Has correct parameter type" name="Test help for Get-WinNTGroupMember.Parameter DirectoryEntry.Has correct parameter type" time="0.0065" asserts="0" success="True" result="Success" executed="True" />
                </results>
              </test-suite>
              <test-suite type="TestFixture" name="Test help for Get-WinNTGroupMember.Parameter DirectoryEntryCache" executed="True" result="Success" success="True" time="0.0798" asserts="0" description="Test help for Get-WinNTGroupMember.Parameter DirectoryEntryCache">
                <results>
                  <test-case description="Has description" name="Test help for Get-WinNTGroupMember.Parameter DirectoryEntryCache.Has description" time="0.0078" asserts="0" success="True" result="Success" executed="True" />
                  <test-case description="Has correct [mandatory] value" name="Test help for Get-WinNTGroupMember.Parameter DirectoryEntryCache.Has correct [mandatory] value" time="0.0063" asserts="0" success="True" result="Success" executed="True" />
                  <test-case description="Has correct parameter type" name="Test help for Get-WinNTGroupMember.Parameter DirectoryEntryCache.Has correct parameter type" time="0.0041" asserts="0" success="True" result="Success" executed="True" />
                </results>
              </test-suite>
              <test-case description="Help is not auto-generated" name="Test help for Get-WinNTGroupMember.Help is not auto-generated" time="0.0079" asserts="0" success="True" result="Success" executed="True" />
              <test-case description="Has description" name="Test help for Get-WinNTGroupMember.Has description" time="0.0089" asserts="0" success="True" result="Success" executed="True" />
              <test-case description="Has example code" name="Test help for Get-WinNTGroupMember.Has example code" time="0.0054" asserts="0" success="True" result="Success" executed="True" />
              <test-case description="Has example help" name="Test help for Get-WinNTGroupMember.Has example help" time="0.0052" asserts="0" success="True" result="Success" executed="True" />
            </results>
          </test-suite>
          <test-suite type="TestFixture" name="Test help for Invoke-ComObject" executed="True" result="Success" success="True" time="2.145" asserts="0" description="Test help for Invoke-ComObject">
            <results>
              <test-suite type="TestFixture" name="Test help for Invoke-ComObject.Parameter ComObject" executed="True" result="Success" success="True" time="0.0555" asserts="0" description="Test help for Invoke-ComObject.Parameter ComObject">
                <results>
                  <test-case description="Has description" name="Test help for Invoke-ComObject.Parameter ComObject.Has description" time="0.0071" asserts="0" success="True" result="Success" executed="True" />
                  <test-case description="Has correct [mandatory] value" name="Test help for Invoke-ComObject.Parameter ComObject.Has correct [mandatory] value" time="0.006" asserts="0" success="True" result="Success" executed="True" />
                  <test-case description="Has correct parameter type" name="Test help for Invoke-ComObject.Parameter ComObject.Has correct parameter type" time="0.005" asserts="0" success="True" result="Success" executed="True" />
                </results>
              </test-suite>
              <test-suite type="TestFixture" name="Test help for Invoke-ComObject.Parameter Method" executed="True" result="Success" success="True" time="0.0817" asserts="0" description="Test help for Invoke-ComObject.Parameter Method">
                <results>
                  <test-case description="Has description" name="Test help for Invoke-ComObject.Parameter Method.Has description" time="0.0077" asserts="0" success="True" result="Success" executed="True" />
                  <test-case description="Has correct [mandatory] value" name="Test help for Invoke-ComObject.Parameter Method.Has correct [mandatory] value" time="0.0055" asserts="0" success="True" result="Success" executed="True" />
                  <test-case description="Has correct parameter type" name="Test help for Invoke-ComObject.Parameter Method.Has correct parameter type" time="0.0059" asserts="0" success="True" result="Success" executed="True" />
                </results>
              </test-suite>
              <test-suite type="TestFixture" name="Test help for Invoke-ComObject.Parameter Property" executed="True" result="Success" success="True" time="0.1066" asserts="0" description="Test help for Invoke-ComObject.Parameter Property">
                <results>
                  <test-case description="Has description" name="Test help for Invoke-ComObject.Parameter Property.Has description" time="0.0074" asserts="0" success="True" result="Success" executed="True" />
                  <test-case description="Has correct [mandatory] value" name="Test help for Invoke-ComObject.Parameter Property.Has correct [mandatory] value" time="0.0058" asserts="0" success="True" result="Success" executed="True" />
                  <test-case description="Has correct parameter type" name="Test help for Invoke-ComObject.Parameter Property.Has correct parameter type" time="0.0075" asserts="0" success="True" result="Success" executed="True" />
                </results>
              </test-suite>
              <test-suite type="TestFixture" name="Test help for Invoke-ComObject.Parameter Value" executed="True" result="Success" success="True" time="0.1285" asserts="0" description="Test help for Invoke-ComObject.Parameter Value">
                <results>
                  <test-case description="Has description" name="Test help for Invoke-ComObject.Parameter Value.Has description" time="0.0076" asserts="0" success="True" result="Success" executed="True" />
                  <test-case description="Has correct [mandatory] value" name="Test help for Invoke-ComObject.Parameter Value.Has correct [mandatory] value" time="0.0045" asserts="0" success="True" result="Success" executed="True" />
                  <test-case description="Has correct parameter type" name="Test help for Invoke-ComObject.Parameter Value.Has correct parameter type" time="0.0057" asserts="0" success="True" result="Success" executed="True" />
                </results>
              </test-suite>
              <test-case description="Help is not auto-generated" name="Test help for Invoke-ComObject.Help is not auto-generated" time="0.0098" asserts="0" success="True" result="Success" executed="True" />
              <test-case description="Has description" name="Test help for Invoke-ComObject.Has description" time="0.0089" asserts="0" success="True" result="Success" executed="True" />
              <test-case description="Has example code" name="Test help for Invoke-ComObject.Has example code" time="0.0076" asserts="0" success="True" result="Success" executed="True" />
              <test-case description="Has example help" name="Test help for Invoke-ComObject.Has example help" time="0.0058" asserts="0" success="True" result="Success" executed="True" />
            </results>
          </test-suite>
          <test-suite type="TestFixture" name="Test help for New-FakeDirectoryEntry" executed="True" result="Success" success="True" time="2.298" asserts="0" description="Test help for New-FakeDirectoryEntry">
            <results>
              <test-suite type="TestFixture" name="Test help for New-FakeDirectoryEntry.Parameter Credential" executed="True" result="Success" success="True" time="0.0541" asserts="0" description="Test help for New-FakeDirectoryEntry.Parameter Credential">
                <results>
                  <test-case description="Has description" name="Test help for New-FakeDirectoryEntry.Parameter Credential.Has description" time="0.0075" asserts="0" success="True" result="Success" executed="True" />
                  <test-case description="Has correct [mandatory] value" name="Test help for New-FakeDirectoryEntry.Parameter Credential.Has correct [mandatory] value" time="0.0065" asserts="0" success="True" result="Success" executed="True" />
                  <test-case description="Has correct parameter type" name="Test help for New-FakeDirectoryEntry.Parameter Credential.Has correct parameter type" time="0.0062" asserts="0" success="True" result="Success" executed="True" />
                </results>
              </test-suite>
              <test-suite type="TestFixture" name="Test help for New-FakeDirectoryEntry.Parameter DirectoryEntryCache" executed="True" result="Success" success="True" time="0.0801" asserts="0" description="Test help for New-FakeDirectoryEntry.Parameter DirectoryEntryCache">
                <results>
                  <test-case description="Has description" name="Test help for New-FakeDirectoryEntry.Parameter DirectoryEntryCache.Has description" time="0.0077" asserts="0" success="True" result="Success" executed="True" />
                  <test-case description="Has correct [mandatory] value" name="Test help for New-FakeDirectoryEntry.Parameter DirectoryEntryCache.Has correct [mandatory] value" time="0.0088" asserts="0" success="True" result="Success" executed="True" />
                  <test-case description="Has correct parameter type" name="Test help for New-FakeDirectoryEntry.Parameter DirectoryEntryCache.Has correct parameter type" time="0.0057" asserts="0" success="True" result="Success" executed="True" />
                </results>
              </test-suite>
              <test-suite type="TestFixture" name="Test help for New-FakeDirectoryEntry.Parameter DirectoryPath" executed="True" result="Success" success="True" time="0.1085" asserts="0" description="Test help for New-FakeDirectoryEntry.Parameter DirectoryPath">
                <results>
                  <test-case description="Has description" name="Test help for New-FakeDirectoryEntry.Parameter DirectoryPath.Has description" time="0.0075" asserts="0" success="True" result="Success" executed="True" />
                  <test-case description="Has correct [mandatory] value" name="Test help for New-FakeDirectoryEntry.Parameter DirectoryPath.Has correct [mandatory] value" time="0.0071" asserts="0" success="True" result="Success" executed="True" />
                  <test-case description="Has correct parameter type" name="Test help for New-FakeDirectoryEntry.Parameter DirectoryPath.Has correct parameter type" time="0.006" asserts="0" success="True" result="Success" executed="True" />
                </results>
              </test-suite>
              <test-suite type="TestFixture" name="Test help for New-FakeDirectoryEntry.Parameter PropertiesToLoad" executed="True" result="Success" success="True" time="0.1341" asserts="0" description="Test help for New-FakeDirectoryEntry.Parameter PropertiesToLoad">
                <results>
                  <test-case description="Has description" name="Test help for New-FakeDirectoryEntry.Parameter PropertiesToLoad.Has description" time="0.0092" asserts="0" success="True" result="Success" executed="True" />
                  <test-case description="Has correct [mandatory] value" name="Test help for New-FakeDirectoryEntry.Parameter PropertiesToLoad.Has correct [mandatory] value" time="0.0041" asserts="0" success="True" result="Success" executed="True" />
                  <test-case description="Has correct parameter type" name="Test help for New-FakeDirectoryEntry.Parameter PropertiesToLoad.Has correct parameter type" time="0.0079" asserts="0" success="True" result="Success" executed="True" />
                </results>
              </test-suite>
              <test-case description="Help is not auto-generated" name="Test help for New-FakeDirectoryEntry.Help is not auto-generated" time="0.0079" asserts="0" success="True" result="Success" executed="True" />
              <test-case description="Has description" name="Test help for New-FakeDirectoryEntry.Has description" time="0.0053" asserts="0" success="True" result="Success" executed="True" />
              <test-case description="Has example code" name="Test help for New-FakeDirectoryEntry.Has example code" time="0.0064" asserts="0" success="True" result="Success" executed="True" />
              <test-case description="Has example help" name="Test help for New-FakeDirectoryEntry.Has example help" time="0.0071" asserts="0" success="True" result="Success" executed="True" />
            </results>
          </test-suite>
          <test-suite type="TestFixture" name="Test help for Resolve-IdentityReference" executed="True" result="Success" success="True" time="2.3894" asserts="0" description="Test help for Resolve-IdentityReference">
            <results>
              <test-suite type="TestFixture" name="Test help for Resolve-IdentityReference.Parameter AccessControlEntry" executed="True" result="Success" success="True" time="0.054" asserts="0" description="Test help for Resolve-IdentityReference.Parameter AccessControlEntry">
                <results>
                  <test-case description="Has description" name="Test help for Resolve-IdentityReference.Parameter AccessControlEntry.Has description" time="0.0083" asserts="0" success="True" result="Success" executed="True" />
                  <test-case description="Has correct [mandatory] value" name="Test help for Resolve-IdentityReference.Parameter AccessControlEntry.Has correct [mandatory] value" time="0.0041" asserts="0" success="True" result="Success" executed="True" />
                  <test-case description="Has correct parameter type" name="Test help for Resolve-IdentityReference.Parameter AccessControlEntry.Has correct parameter type" time="0.0063" asserts="0" success="True" result="Success" executed="True" />
                </results>
              </test-suite>
              <test-suite type="TestFixture" name="Test help for Resolve-IdentityReference.Parameter KnownServers" executed="True" result="Success" success="True" time="0.0805" asserts="0" description="Test help for Resolve-IdentityReference.Parameter KnownServers">
                <results>
                  <test-case description="Has description" name="Test help for Resolve-IdentityReference.Parameter KnownServers.Has description" time="0.0114" asserts="0" success="True" result="Success" executed="True" />
                  <test-case description="Has correct [mandatory] value" name="Test help for Resolve-IdentityReference.Parameter KnownServers.Has correct [mandatory] value" time="0.006" asserts="0" success="True" result="Success" executed="True" />
                  <test-case description="Has correct parameter type" name="Test help for Resolve-IdentityReference.Parameter KnownServers.Has correct parameter type" time="0.0049" asserts="0" success="True" result="Success" executed="True" />
                </results>
              </test-suite>
              <test-case description="Help is not auto-generated" name="Test help for Resolve-IdentityReference.Help is not auto-generated" time="0.0107" asserts="0" success="True" result="Success" executed="True" />
              <test-case description="Has description" name="Test help for Resolve-IdentityReference.Has description" time="0.0059" asserts="0" success="True" result="Success" executed="True" />
              <test-case description="Has example code" name="Test help for Resolve-IdentityReference.Has example code" time="0.0089" asserts="0" success="True" result="Success" executed="True" />
              <test-case description="Has example help" name="Test help for Resolve-IdentityReference.Has example help" time="0.0057" asserts="0" success="True" result="Success" executed="True" />
            </results>
          </test-suite>
          <test-suite type="TestFixture" name="Test help for Search-Directory" executed="True" result="Success" success="True" time="2.6059" asserts="0" description="Test help for Search-Directory">
            <results>
              <test-suite type="TestFixture" name="Test help for Search-Directory.Parameter Credential" executed="True" result="Success" success="True" time="0.0536" asserts="0" description="Test help for Search-Directory.Parameter Credential">
                <results>
                  <test-case description="Has description" name="Test help for Search-Directory.Parameter Credential.Has description" time="0.006" asserts="0" success="True" result="Success" executed="True" />
                  <test-case description="Has correct [mandatory] value" name="Test help for Search-Directory.Parameter Credential.Has correct [mandatory] value" time="0.0069" asserts="0" success="True" result="Success" executed="True" />
                  <test-case description="Has correct parameter type" name="Test help for Search-Directory.Parameter Credential.Has correct parameter type" time="0.006" asserts="0" success="True" result="Success" executed="True" />
                </results>
              </test-suite>
              <test-suite type="TestFixture" name="Test help for Search-Directory.Parameter DirectoryEntryCache" executed="True" result="Success" success="True" time="0.0804" asserts="0" description="Test help for Search-Directory.Parameter DirectoryEntryCache">
                <results>
                  <test-case description="Has description" name="Test help for Search-Directory.Parameter DirectoryEntryCache.Has description" time="0.0079" asserts="0" success="True" result="Success" executed="True" />
                  <test-case description="Has correct [mandatory] value" name="Test help for Search-Directory.Parameter DirectoryEntryCache.Has correct [mandatory] value" time="0.0048" asserts="0" success="True" result="Success" executed="True" />
                  <test-case description="Has correct parameter type" name="Test help for Search-Directory.Parameter DirectoryEntryCache.Has correct parameter type" time="0.0062" asserts="0" success="True" result="Success" executed="True" />
                </results>
              </test-suite>
              <test-suite type="TestFixture" name="Test help for Search-Directory.Parameter DirectoryPath" executed="True" result="Success" success="True" time="0.1062" asserts="0" description="Test help for Search-Directory.Parameter DirectoryPath">
                <results>
                  <test-case description="Has description" name="Test help for Search-Directory.Parameter DirectoryPath.Has description" time="0.006" asserts="0" success="True" result="Success" executed="True" />
                  <test-case description="Has correct [mandatory] value" name="Test help for Search-Directory.Parameter DirectoryPath.Has correct [mandatory] value" time="0.0063" asserts="0" success="True" result="Success" executed="True" />
                  <test-case description="Has correct parameter type" name="Test help for Search-Directory.Parameter DirectoryPath.Has correct parameter type" time="0.0084" asserts="0" success="True" result="Success" executed="True" />
                </results>
              </test-suite>
              <test-suite type="TestFixture" name="Test help for Search-Directory.Parameter Filter" executed="True" result="Success" success="True" time="0.1309" asserts="0" description="Test help for Search-Directory.Parameter Filter">
                <results>
                  <test-case description="Has description" name="Test help for Search-Directory.Parameter Filter.Has description" time="0.0069" asserts="0" success="True" result="Success" executed="True" />
                  <test-case description="Has correct [mandatory] value" name="Test help for Search-Directory.Parameter Filter.Has correct [mandatory] value" time="0.0042" asserts="0" success="True" result="Success" executed="True" />
                  <test-case description="Has correct parameter type" name="Test help for Search-Directory.Parameter Filter.Has correct parameter type" time="0.0081" asserts="0" success="True" result="Success" executed="True" />
                </results>
              </test-suite>
              <test-suite type="TestFixture" name="Test help for Search-Directory.Parameter PageSize" executed="True" result="Success" success="True" time="0.1591" asserts="0" description="Test help for Search-Directory.Parameter PageSize">
                <results>
                  <test-case description="Has description" name="Test help for Search-Directory.Parameter PageSize.Has description" time="0.0119" asserts="0" success="True" result="Success" executed="True" />
                  <test-case description="Has correct [mandatory] value" name="Test help for Search-Directory.Parameter PageSize.Has correct [mandatory] value" time="0.0061" asserts="0" success="True" result="Success" executed="True" />
                  <test-case description="Has correct parameter type" name="Test help for Search-Directory.Parameter PageSize.Has correct parameter type" time="0.0048" asserts="0" success="True" result="Success" executed="True" />
                </results>
              </test-suite>
              <test-suite type="TestFixture" name="Test help for Search-Directory.Parameter PropertiesToLoad" executed="True" result="Success" success="True" time="0.1854" asserts="0" description="Test help for Search-Directory.Parameter PropertiesToLoad">
                <results>
                  <test-case description="Has description" name="Test help for Search-Directory.Parameter PropertiesToLoad.Has description" time="0.0079" asserts="0" success="True" result="Success" executed="True" />
                  <test-case description="Has correct [mandatory] value" name="Test help for Search-Directory.Parameter PropertiesToLoad.Has correct [mandatory] value" time="0.0057" asserts="0" success="True" result="Success" executed="True" />
                  <test-case description="Has correct parameter type" name="Test help for Search-Directory.Parameter PropertiesToLoad.Has correct parameter type" time="0.0082" asserts="0" success="True" result="Success" executed="True" />
                </results>
              </test-suite>
              <test-suite type="TestFixture" name="Test help for Search-Directory.Parameter SearchScope" executed="True" result="Success" success="True" time="0.2072" asserts="0" description="Test help for Search-Directory.Parameter SearchScope">
                <results>
                  <test-case description="Has description" name="Test help for Search-Directory.Parameter SearchScope.Has description" time="0.0076" asserts="0" success="True" result="Success" executed="True" />
                  <test-case description="Has correct [mandatory] value" name="Test help for Search-Directory.Parameter SearchScope.Has correct [mandatory] value" time="0.0056" asserts="0" success="True" result="Success" executed="True" />
                  <test-case description="Has correct parameter type" name="Test help for Search-Directory.Parameter SearchScope.Has correct parameter type" time="0.0044" asserts="0" success="True" result="Success" executed="True" />
                </results>
              </test-suite>
              <test-case description="Help is not auto-generated" name="Test help for Search-Directory.Help is not auto-generated" time="0.0111" asserts="0" success="True" result="Success" executed="True" />
              <test-case description="Has description" name="Test help for Search-Directory.Has description" time="0.0095" asserts="0" success="True" result="Success" executed="True" />
              <test-case description="Has example code" name="Test help for Search-Directory.Has example code" time="0.0052" asserts="0" success="True" result="Success" executed="True" />
              <test-case description="Has example help" name="Test help for Search-Directory.Has example help" time="0.0051" asserts="0" success="True" result="Success" executed="True" />
            </results>
          </test-suite>
          <test-suite type="TestFixture" name="Test help for Test-PublicFunction_511f9c72-4f82-4b90-be93-ad7576481d5b" executed="True" result="Success" success="True" time="2.6781" asserts="0" description="Test help for Test-PublicFunction_511f9c72-4f82-4b90-be93-ad7576481d5b">
            <results>
              <test-suite type="TestFixture" name="Test help for Test-PublicFunction_511f9c72-4f82-4b90-be93-ad7576481d5b.Parameter InputObject" executed="True" result="Success" success="True" time="0.0546" asserts="0" description="Test help for Test-PublicFunction_511f9c72-4f82-4b90-be93-ad7576481d5b.Parameter InputObject">
                <results>
                  <test-case description="Has description" name="Test help for Test-PublicFunction_511f9c72-4f82-4b90-be93-ad7576481d5b.Parameter InputObject.Has description" time="0.0081" asserts="0" success="True" result="Success" executed="True" />
                  <test-case description="Has correct [mandatory] value" name="Test help for Test-PublicFunction_511f9c72-4f82-4b90-be93-ad7576481d5b.Parameter InputObject.Has correct [mandatory] value" time="0.0047" asserts="0" success="True" result="Success" executed="True" />
                  <test-case description="Has correct parameter type" name="Test help for Test-PublicFunction_511f9c72-4f82-4b90-be93-ad7576481d5b.Parameter InputObject.Has correct parameter type" time="0.006" asserts="0" success="True" result="Success" executed="True" />
                </results>
              </test-suite>
              <test-case description="Help is not auto-generated" name="Test help for Test-PublicFunction_511f9c72-4f82-4b90-be93-ad7576481d5b.Help is not auto-generated" time="0.0079" asserts="0" success="True" result="Success" executed="True" />
              <test-case description="Has description" name="Test help for Test-PublicFunction_511f9c72-4f82-4b90-be93-ad7576481d5b.Has description" time="0.0051" asserts="0" success="True" result="Success" executed="True" />
              <test-case description="Has example code" name="Test help for Test-PublicFunction_511f9c72-4f82-4b90-be93-ad7576481d5b.Has example code" time="0.0059" asserts="0" success="True" result="Success" executed="True" />
              <test-case description="Has example help" name="Test help for Test-PublicFunction_511f9c72-4f82-4b90-be93-ad7576481d5b.Has example help" time="0.0058" asserts="0" success="True" result="Success" executed="True" />
            </results>
          </test-suite>
        </results>
      </test-suite>
      <test-suite type="TestFixture" name="E:\Owner\Documents\Google Drive\Programs\Scripts\PowerShell\Adsi\tests\Manifest.tests.ps1" executed="True" result="Ignored" success="True" time="0.3627" asserts="0" description="E:\Owner\Documents\Google Drive\Programs\Scripts\PowerShell\Adsi\tests\Manifest.tests.ps1">
        <results>
          <test-suite type="TestFixture" name="module manifest" executed="True" result="Success" success="True" time="0.1677" asserts="0" description="module manifest">
            <results>
              <test-suite type="TestFixture" name="module manifest.- Validation" executed="True" result="Success" success="True" time="0.164" asserts="0" description="module manifest.- Validation">
                <results>
                  <test-case description="is a valid manifest" name="module manifest.- Validation.is a valid manifest" time="0.024" asserts="0" success="True" result="Success" executed="True" />
                  <test-case description="has a valid name in the manifest" name="module manifest.- Validation.has a valid name in the manifest" time="0.0249" asserts="0" success="True" result="Success" executed="True" />
                  <test-case description="has a valid root module" name="module manifest.- Validation.has a valid root module" time="0.0172" asserts="0" success="True" result="Success" executed="True" />
                  <test-case description="has a valid version" name="module manifest.- Validation.has a valid version" time="0.0183" asserts="0" success="True" result="Success" executed="True" />
                  <test-case description="has a valid description" name="module manifest.- Validation.has a valid description" time="0.0157" asserts="0" success="True" result="Success" executed="True" />
                  <test-case description="has a valid author" name="module manifest.- Validation.has a valid author" time="0.0137" asserts="0" success="True" result="Success" executed="True" />
                  <test-case description="has a valid guid" name="module manifest.- Validation.has a valid guid" time="0.0328" asserts="0" success="True" result="Success" executed="True" />
                  <test-case description="has a valid copyright" name="module manifest.- Validation.has a valid copyright" time="0.0123" asserts="0" success="True" result="Success" executed="True" />
                </results>
              </test-suite>
            </results>
          </test-suite>
          <test-suite type="TestFixture" name="Git tagging" executed="True" result="Ignored" success="True" time="0.1916" asserts="0" description="Git tagging">
            <results>
              <test-case description="Is tagged with a valid version" name="Git tagging.Is tagged with a valid version" time="0.0167" asserts="0" success="False" result="Ignored" executed="False" />
              <test-case description="Matches manifest version" name="Git tagging.Matches manifest version" time="0.0035" asserts="0" success="False" result="Ignored" executed="False" />
            </results>
          </test-suite>
        </results>
      </test-suite>
      <test-suite type="TestFixture" name="E:\Owner\Documents\Google Drive\Programs\Scripts\PowerShell\Adsi\tests\Meta.tests.ps1" executed="True" result="Success" success="True" time="0.3931" asserts="0" description="E:\Owner\Documents\Google Drive\Programs\Scripts\PowerShell\Adsi\tests\Meta.tests.ps1">
        <results>
          <test-suite type="TestFixture" name="Text files formatting" executed="True" result="Success" success="True" time="0.0437" asserts="0" description="Text files formatting">
            <results>
              <test-suite type="TestFixture" name="Text files formatting.File encoding" executed="True" result="Success" success="True" time="0.021" asserts="0" description="Text files formatting.File encoding">
                <results>
                  <test-case description="No text file uses Unicode/UTF-16 encoding" name="Text files formatting.File encoding.No text file uses Unicode/UTF-16 encoding" time="0.0178" asserts="0" success="True" result="Success" executed="True" />
                </results>
              </test-suite>
              <test-suite type="TestFixture" name="Text files formatting.Indentations" executed="True" result="Success" success="True" time="0.0402" asserts="0" description="Text files formatting.Indentations">
                <results>
                  <test-case description="No text file use tabs for indentations" name="Text files formatting.Indentations.No text file use tabs for indentations" time="0.0156" asserts="0" success="True" result="Success" executed="True" />
                </results>
              </test-suite>
            </results>
          </test-suite>
        </results>
      </test-suite>
      <test-suite type="TestFixture" name="E:\Owner\Documents\Google Drive\Programs\Scripts\PowerShell\Adsi\tests\Module.tests.ps1" executed="True" result="Success" success="True" time="0.2054" asserts="0" description="E:\Owner\Documents\Google Drive\Programs\Scripts\PowerShell\Adsi\tests\Module.tests.ps1">
        <results>
          <test-suite type="TestFixture" name="Functions in 'Adsi'" executed="True" result="Success" success="True" time="0.0645" asserts="0" description="Functions in 'Adsi'">
            <results>
              <test-suite type="ParameterizedTest" name="Functions in 'Adsi'.'&lt;Script&gt;' is valid PowerShell" executed="True" result="Success" success="True" time="0.0578" asserts="0" description="'&lt;Script&gt;' is valid PowerShell">
                <results>
                  <test-case description="'E:\Owner\Documents\Google Drive\Programs\Scripts\PowerShell\Adsi\dist\1.0.108\Adsi\Adsi.psd1' is valid PowerShell" name="Functions in 'Adsi'.'E:\Owner\Documents\Google Drive\Programs\Scripts\PowerShell\Adsi\dist\1.0.108\Adsi\Adsi.psd1' is valid PowerShell" time="0.0391" asserts="0" success="True" result="Success" executed="True" />
                  <test-case description="'E:\Owner\Documents\Google Drive\Programs\Scripts\PowerShell\Adsi\dist\1.0.108\Adsi\Adsi.psm1' is valid PowerShell" name="Functions in 'Adsi'.'E:\Owner\Documents\Google Drive\Programs\Scripts\PowerShell\Adsi\dist\1.0.108\Adsi\Adsi.psm1' is valid PowerShell" time="0.0188" asserts="0" success="True" result="Success" executed="True" />
                </results>
              </test-suite>
            </results>
          </test-suite>
          <test-suite type="TestFixture" name="Module 'Adsi'" executed="True" result="Success" success="True" time="0.1029" asserts="0" description="Module 'Adsi'">
            <results>
              <test-suite type="ParameterizedTest" name="Module 'Adsi'.can be imported without any errors" executed="True" result="Success" success="True" time="0.0346" asserts="0" description="can be imported without any errors">
                <results>
                  <test-case description="can be imported without any errors" name="Module 'Adsi'.can be imported without any errors(&quot;E:\Owner\Documents\Google Drive\Programs\Scripts\PowerShell\Adsi\dist\1.0.108\Adsi\Adsi.psm1&quot;)" time="0.0346" asserts="0" success="True" result="Success" executed="True" />
                </results>
              </test-suite>
            </results>
          </test-suite>
        </results>
      </test-suite>
      <test-suite type="TestFixture" name="E:\Owner\Documents\Google Drive\Programs\Scripts\PowerShell\Adsi\tests\Project.tests.ps1" executed="True" result="Failure" success="False" time="0.2745" asserts="0" description="E:\Owner\Documents\Google Drive\Programs\Scripts\PowerShell\Adsi\tests\Project.tests.ps1">
        <results>
          <test-suite type="TestFixture" name="change log" executed="True" result="Failure" success="False" time="0.1025" asserts="0" description="change log">
            <results>
              <test-suite type="TestFixture" name="change log.- Version" executed="True" result="Failure" success="False" time="0.0989" asserts="0" description="change log.- Version">
                <results>
                  <test-case description="has a valid version" name="change log.- Version.has a valid version" time="0.0196" asserts="0" success="True" result="Success" executed="True" />
                  <test-case description="has the same version as the manifest" name="change log.- Version.has the same version as the manifest" time="0.0759" asserts="0" success="False" result="Failure" executed="True">
                    <failure>
                      <message>Expected 1.0.108, but got 1.0.107.</message>
                      <stack-trace>at $changelogVersion -as [Version] | Should -Be ( $manifestData.Version -as [Version] ), E:\Owner\Documents\Google Drive\Programs\Scripts\PowerShell\Adsi\tests\Project.tests.ps1:30
at &lt;ScriptBlock&gt;, E:\Owner\Documents\Google Drive\Programs\Scripts\PowerShell\Adsi\tests\Project.tests.ps1:30</stack-trace>
                    </failure>
                  </test-case>
                </results>
              </test-suite>
            </results>
          </test-suite>
        </results>
      </test-suite>
      <test-suite type="TestFixture" name="E:\Owner\Documents\Google Drive\Programs\Scripts\PowerShell\Adsi\tests\functions\public\Test-PublicFunction_511f9c72-4f82-4b90-be93-ad7576481d5b.tests.ps1" executed="True" result="Success" success="True" time="0.1464" asserts="0" description="E:\Owner\Documents\Google Drive\Programs\Scripts\PowerShell\Adsi\tests\functions\public\Test-PublicFunction_511f9c72-4f82-4b90-be93-ad7576481d5b.tests.ps1">
        <results>
          <test-suite type="TestFixture" name="'Test-PublicFunction_511f9c72-4f82-4b90-be93-ad7576481d5b.ps1' Function Tests" executed="True" result="Success" success="True" time="0.0643" asserts="0" description="'Test-PublicFunction_511f9c72-4f82-4b90-be93-ad7576481d5b.ps1' Function Tests">
            <results>
              <test-suite type="ParameterizedTest" name="'Test-PublicFunction_511f9c72-4f82-4b90-be93-ad7576481d5b.ps1' Function Tests.Script file 'Test-PublicFunction_511f9c72-4f82-4b90-be93-ad7576481d5b.ps1' can be run without any errors" executed="True" result="Success" success="True" time="0.035" asserts="0" description="Script file 'Test-PublicFunction_511f9c72-4f82-4b90-be93-ad7576481d5b.ps1' can be run without any errors">
                <results>
                  <test-case description="Script file 'Test-PublicFunction_511f9c72-4f82-4b90-be93-ad7576481d5b.ps1' can be run without any errors" name="'Test-PublicFunction_511f9c72-4f82-4b90-be93-ad7576481d5b.ps1' Function Tests.Script file 'Test-PublicFunction_511f9c72-4f82-4b90-be93-ad7576481d5b.ps1' can be run without any errors(&quot;E:\Owner\Documents\Google Drive\Programs\Scripts\PowerShell\Adsi\src\functions\public\Test-PublicFunction_511f9c72-4f82-4b90-be93-ad7576481d5b.ps1&quot;)" time="0.035" asserts="0" success="True" result="Success" executed="True" />
                </results>
              </test-suite>
              <test-suite type="ParameterizedTest" name="'Test-PublicFunction_511f9c72-4f82-4b90-be93-ad7576481d5b.ps1' Function Tests.Script '&lt;Script&gt;' is valid PowerShell" executed="True" result="Success" success="True" time="0.0258" asserts="0" description="Script '&lt;Script&gt;' is valid PowerShell">
                <results>
                  <test-case description="Script 'E:\Owner\Documents\Google Drive\Programs\Scripts\PowerShell\Adsi\src\functions\public\Test-PublicFunction_511f9c72-4f82-4b90-be93-ad7576481d5b.ps1' is valid PowerShell" name="'Test-PublicFunction_511f9c72-4f82-4b90-be93-ad7576481d5b.ps1' Function Tests.Script 'E:\Owner\Documents\Google Drive\Programs\Scripts\PowerShell\Adsi\src\functions\public\Test-PublicFunction_511f9c72-4f82-4b90-be93-ad7576481d5b.ps1' is valid PowerShell" time="0.0258" asserts="0" success="True" result="Success" executed="True" />
                </results>
              </test-suite>
            </results>
          </test-suite>
        </results>
      </test-suite>
    </results>
  </test-suite>
</test-results>